<?xml version="1.0" encoding="UTF-8"?>
<!-- Generated by org.testng.reporters.JUnitReportReporter -->
<testsuite skipped="0" hostname="LAPTOP-MK0CRF5H" name="Runner.TestRunner" tests="2" failures="0" timestamp="10 Dec 2023 10:51:41 GMT" time="9.179" errors="0">
  <testcase name="runScenario" time="6.009" classname="Runner.TestRunner"/>
  <testcase name="runScenario" time="3.170" classname="Runner.TestRunner"/>
</testsuite> <!-- Runner.TestRunner -->
